[2015-05-08 11:21:44] Functional\SprykerEngine\Zed\Transfer\Business\Model\TransferGeneratorTest::testExecuteShouldGenerateExpectedTransfer.ALERT: Argument 1 passed to Symfony\Component\Console\Logger\ConsoleLogger::__construct() must implement interface Symfony\Component\Console\Output\OutputInterface, instance of Symfony\Component\Console\Logger\ConsoleLogger given, called in /data/shop/development/current/vendor/spryker/spryker/Bundles/Transfer/tests/Functional/SprykerEngine/Zed/Transfer/Business/Model/TransferGeneratorTest.php on line 28 and defined [] []
[2015-05-08 11:21:44] Functional\SprykerEngine\Zed\Transfer\Business\Model\TransferGeneratorTest::testExecuteShouldGenerateExpectedTransfer.INFO: # ERROR # [] []
[2015-05-08 11:21:44] Functional\SprykerEngine\Zed\Transfer\Business\Model\TransferGeneratorTest::testExecuteShouldGenerateExpectedTransfer.INFO: PASSED [] []
[2015-05-08 11:22:38] Functional\SprykerEngine\Zed\Transfer\Business\Model\TransferGeneratorTest::testExecuteShouldGenerateExpectedTransfer.ALERT: Failed asserting that false is true. [] []
[2015-05-08 11:22:38] Functional\SprykerEngine\Zed\Transfer\Business\Model\TransferGeneratorTest::testExecuteShouldGenerateExpectedTransfer.INFO: # FAILED # [] []
[2015-05-08 11:22:38] Functional\SprykerEngine\Zed\Transfer\Business\Model\TransferGeneratorTest::testExecuteShouldGenerateExpectedTransfer.INFO: PASSED [] []
[2015-05-08 11:23:23] Functional\SprykerEngine\Zed\Transfer\Business\Model\TransferGeneratorTest::testExecuteShouldGenerateExpectedTransfer.ALERT: An exception has been thrown during the rendering of a template ("Object of class ArrayObject could not be converted to string") in "class.php.twig" at line 29. [] []
[2015-05-08 11:23:23] Functional\SprykerEngine\Zed\Transfer\Business\Model\TransferGeneratorTest::testExecuteShouldGenerateExpectedTransfer.INFO: # ERROR # [] []
[2015-05-08 11:23:23] Functional\SprykerEngine\Zed\Transfer\Business\Model\TransferGeneratorTest::testExecuteShouldGenerateExpectedTransfer.INFO: PASSED [] []
[2015-05-08 11:24:36] Functional\SprykerEngine\Zed\Transfer\Business\Model\TransferGeneratorTest::testExecuteShouldGenerateExpectedTransfer.ALERT: An exception has been thrown during the rendering of a template ("Object of class ArrayObject could not be converted to string") in "class.php.twig" at line 29. [] []
[2015-05-08 11:24:36] Functional\SprykerEngine\Zed\Transfer\Business\Model\TransferGeneratorTest::testExecuteShouldGenerateExpectedTransfer.INFO: # ERROR # [] []
[2015-05-08 11:24:36] Functional\SprykerEngine\Zed\Transfer\Business\Model\TransferGeneratorTest::testExecuteShouldGenerateExpectedTransfer.INFO: PASSED [] []
[2015-05-08 11:25:52] Functional\SprykerEngine\Zed\Transfer\Business\Model\TransferGeneratorTest::testExecuteShouldGenerateExpectedTransfer.ALERT: An exception has been thrown during the rendering of a template ("Object of class ArrayObject could not be converted to string") in "class.php.twig" at line 29. [] []
[2015-05-08 11:25:52] Functional\SprykerEngine\Zed\Transfer\Business\Model\TransferGeneratorTest::testExecuteShouldGenerateExpectedTransfer.INFO: # ERROR # [] []
[2015-05-08 11:25:52] Functional\SprykerEngine\Zed\Transfer\Business\Model\TransferGeneratorTest::testExecuteShouldGenerateExpectedTransfer.INFO: PASSED [] []
[2015-05-08 11:29:37] Functional\SprykerEngine\Zed\Transfer\Business\Model\TransferGeneratorTest::testExecuteShouldGenerateExpectedTransfer.ALERT: An exception has been thrown during the rendering of a template ("Object of class ArrayObject could not be converted to string") in "class.php.twig" at line 29. [] []
[2015-05-08 11:29:37] Functional\SprykerEngine\Zed\Transfer\Business\Model\TransferGeneratorTest::testExecuteShouldGenerateExpectedTransfer.INFO: # ERROR # [] []
[2015-05-08 11:29:37] Functional\SprykerEngine\Zed\Transfer\Business\Model\TransferGeneratorTest::testExecuteShouldGenerateExpectedTransfer.INFO: PASSED [] []
[2015-05-08 11:29:37] Functional\SprykerEngine\Zed\Transfer\Business\Model\TransferGeneratorTest::testExecuteShouldGenerateExpectedTransfer.INFO: PASSED [] []
[2015-05-08 11:29:37] Functional\SprykerEngine\Zed\Transfer\Business\Model\TransferGeneratorTest::testExecuteShouldGenerateExpectedTransfer.INFO: PASSED [] []
[2015-05-08 11:29:37] Functional\SprykerEngine\Zed\Transfer\Business\Model\TransferGeneratorTest::testExecuteShouldGenerateExpectedTransfer.INFO: PASSED [] []
[2015-05-08 11:29:37] Functional\SprykerEngine\Zed\Transfer\Business\Model\TransferGeneratorTest::testExecuteShouldGenerateExpectedTransfer.INFO: PASSED [] []
[2015-05-08 11:29:37] Functional\SprykerEngine\Zed\Transfer\Business\Model\TransferGeneratorTest::testExecuteShouldGenerateExpectedTransfer.INFO: PASSED [] []
[2015-05-08 11:29:37] Functional\SprykerEngine\Zed\Transfer\Business\Model\TransferGeneratorTest::testExecuteShouldGenerateExpectedTransfer.INFO: PASSED [] []
[2015-05-08 11:29:37] Functional\SprykerEngine\Zed\Transfer\Business\Model\TransferGeneratorTest::testExecuteShouldGenerateExpectedTransfer.INFO: PASSED [] []
[2015-05-08 11:29:37] Functional\SprykerEngine\Zed\Transfer\Business\Model\TransferGeneratorTest::testExecuteShouldGenerateExpectedTransfer.INFO: PASSED [] []
[2015-05-08 11:29:37] Functional\SprykerEngine\Zed\Transfer\Business\Model\TransferGeneratorTest::testExecuteShouldGenerateExpectedTransfer.INFO: PASSED [] []
[2015-05-08 11:29:38] Functional\SprykerEngine\Zed\Transfer\Business\Model\TransferGeneratorTest::testExecuteShouldGenerateExpectedTransfer.ALERT: Failed asserting that ArrayObject Object () is identical to '\ArrayObject'. [] []
[2015-05-08 11:29:38] Functional\SprykerEngine\Zed\Transfer\Business\Model\TransferGeneratorTest::testExecuteShouldGenerateExpectedTransfer.INFO: # FAILED # [] []
[2015-05-08 11:29:38] Functional\SprykerEngine\Zed\Transfer\Business\Model\TransferGeneratorTest::testExecuteShouldGenerateExpectedTransfer.INFO: PASSED [] []
[2015-05-08 11:29:38] Functional\SprykerEngine\Zed\Transfer\Business\Model\TransferGeneratorTest::testExecuteShouldGenerateExpectedTransfer.INFO: PASSED [] []
[2015-05-08 11:29:38] Functional\SprykerEngine\Zed\Transfer\Business\Model\TransferGeneratorTest::testExecuteShouldGenerateExpectedTransfer.INFO: PASSED [] []
[2015-05-08 11:29:38] Functional\SprykerEngine\Zed\Transfer\Business\Model\TransferGeneratorTest::testExecuteShouldGenerateExpectedTransfer.INFO: PASSED [] []
[2015-05-08 11:29:38] Functional\SprykerEngine\Zed\Transfer\Business\Model\TransferGeneratorTest::testExecuteShouldGenerateExpectedTransfer.INFO: PASSED [] []
[2015-05-08 11:29:38] Functional\SprykerEngine\Zed\Transfer\Business\Model\TransferGeneratorTest::testExecuteShouldGenerateExpectedTransfer.INFO: PASSED [] []
[2015-05-08 11:29:40] Functional\SprykerEngine\Zed\Transfer\Business\Model\TransferGeneratorTest::testExecuteShouldGenerateExpectedTransfer.INFO: PASSED [] []
[2015-05-08 11:32:10] Functional\SprykerEngine\Zed\Transfer\Business\Model\TransferGeneratorTest::testExecuteShouldGenerateExpectedTransfer.INFO: PASSED [] []
[2015-05-08 11:32:36] Functional\SprykerEngine\Zed\Transfer\Business\Model\TransferGeneratorTest::testExecuteShouldGenerateExpectedTransfer.INFO: PASSED [] []
[2015-05-08 11:40:40] Functional\SprykerEngine\Zed\Transfer\Business\Model\TransferGeneratorTest::testExecuteShouldGenerateExpectedTransfer.INFO: PASSED [] []
[2015-05-08 11:49:15] Functional\SprykerEngine\Zed\Transfer\Business\Model\TransferGeneratorTest::testExecuteShouldGenerateExpectedTransfer.INFO: PASSED [] []
[2015-05-08 11:49:55] Functional\SprykerEngine\Zed\Transfer\Business\Model\TransferGeneratorTest::testExecuteShouldGenerateExpectedTransfer.INFO: PASSED [] []
[2015-05-08 11:53:05] Functional\SprykerEngine\Zed\Transfer\Business\Model\TransferGeneratorTest::testExecuteShouldGenerateExpectedTransfer.INFO: PASSED [] []
[2015-05-08 11:53:30] Functional\SprykerEngine\Zed\Transfer\Business\Model\TransferGeneratorTest::testExecuteShouldGenerateExpectedTransfer.INFO: PASSED [] []
[2015-05-08 11:53:59] Functional\SprykerEngine\Zed\Transfer\Business\Model\TransferGeneratorTest::testExecuteShouldGenerateExpectedTransfer.ALERT: Unable to find template "macros.php.twig" (looked into: /data/shop/development/current/vendor/spryker/spryker/Bundles/Transfer/src/SprykerEngine/Zed/Transfer/Business/Model/Generator/Templates) in "class.php.twig" at line 1. [] []
[2015-05-08 11:53:59] Functional\SprykerEngine\Zed\Transfer\Business\Model\TransferGeneratorTest::testExecuteShouldGenerateExpectedTransfer.INFO: # ERROR # [] []
[2015-05-08 11:53:59] Functional\SprykerEngine\Zed\Transfer\Business\Model\TransferGeneratorTest::testExecuteShouldGenerateExpectedTransfer.INFO: PASSED [] []
[2015-05-08 11:54:02] Functional\SprykerEngine\Zed\Transfer\Business\Model\TransferGeneratorTest::testExecuteShouldGenerateExpectedTransfer.INFO: PASSED [] []
[2015-05-08 11:56:54] Functional\SprykerEngine\Zed\Transfer\Business\Model\TransferGeneratorTest::testExecuteShouldGenerateExpectedTransfer.INFO: PASSED [] []
[2015-05-08 12:01:07] Functional\SprykerEngine\Zed\Transfer\Business\Model\TransferGeneratorTest::testExecuteShouldGenerateExpectedTransfer.INFO: PASSED [] []
[2015-05-08 12:08:42] Functional\SprykerEngine\Zed\Transfer\Business\Model\TransferGeneratorTest::testExecuteShouldGenerateExpectedTransfer.INFO: PASSED [] []
[2015-05-08 12:08:42] Functional\SprykerEngine\Zed\Transfer\Business\Model\TransferGeneratorTest::testExecuteShouldGenerateExpectedTransfer.INFO: PASSED [] []
[2015-05-08 12:08:42] Functional\SprykerEngine\Zed\Transfer\Business\Model\TransferGeneratorTest::testExecuteShouldGenerateExpectedTransfer.INFO: PASSED [] []
[2015-05-08 12:08:42] Functional\SprykerEngine\Zed\Transfer\Business\Model\TransferGeneratorTest::testExecuteShouldGenerateExpectedTransfer.INFO: PASSED [] []
[2015-05-08 12:08:42] Functional\SprykerEngine\Zed\Transfer\Business\Model\TransferGeneratorTest::testExecuteShouldGenerateExpectedTransfer.INFO: PASSED [] []
[2015-05-08 12:08:42] Functional\SprykerEngine\Zed\Transfer\Business\Model\TransferGeneratorTest::testExecuteShouldGenerateExpectedTransfer.INFO: PASSED [] []
[2015-05-08 12:08:42] Functional\SprykerEngine\Zed\Transfer\Business\Model\TransferGeneratorTest::testExecuteShouldGenerateExpectedTransfer.INFO: PASSED [] []
[2015-05-08 12:08:42] Functional\SprykerEngine\Zed\Transfer\Business\Model\TransferGeneratorTest::testExecuteShouldGenerateExpectedTransfer.INFO: PASSED [] []
[2015-05-08 12:08:42] Functional\SprykerEngine\Zed\Transfer\Business\Model\TransferGeneratorTest::testExecuteShouldGenerateExpectedTransfer.INFO: PASSED [] []
[2015-05-08 12:08:42] Functional\SprykerEngine\Zed\Transfer\Business\Model\TransferGeneratorTest::testExecuteShouldGenerateExpectedTransfer.INFO: PASSED [] []
[2015-05-08 12:08:42] Functional\SprykerEngine\Zed\Transfer\Business\Model\TransferGeneratorTest::testExecuteShouldGenerateExpectedTransfer.INFO: PASSED [] []
[2015-05-08 12:08:42] Functional\SprykerEngine\Zed\Transfer\Business\Model\TransferGeneratorTest::testExecuteShouldGenerateExpectedTransfer.INFO: PASSED [] []
[2015-05-08 12:08:42] Functional\SprykerEngine\Zed\Transfer\Business\Model\TransferGeneratorTest::testExecuteShouldGenerateExpectedTransfer.INFO: PASSED [] []
[2015-05-08 12:08:42] Functional\SprykerEngine\Zed\Transfer\Business\Model\TransferGeneratorTest::testExecuteShouldGenerateExpectedTransfer.INFO: PASSED [] []
[2015-05-08 12:08:42] Functional\SprykerEngine\Zed\Transfer\Business\Model\TransferGeneratorTest::testExecuteShouldGenerateExpectedTransfer.INFO: PASSED [] []
[2015-05-08 12:08:42] Functional\SprykerEngine\Zed\Transfer\Business\Model\TransferGeneratorTest::testExecuteShouldGenerateExpectedTransfer.INFO: PASSED [] []
[2015-05-08 12:08:42] Functional\SprykerEngine\Zed\Transfer\Business\Model\TransferGeneratorTest::testExecuteShouldGenerateExpectedTransfer.INFO: PASSED [] []
[2015-05-08 12:10:48] Functional\SprykerEngine\Zed\Transfer\Business\Model\TransferGeneratorTest::testExecuteShouldGenerateExpectedTransfer.INFO: PASSED [] []
[2015-05-08 12:10:48] Functional\SprykerEngine\Zed\Transfer\Business\Model\TransferGeneratorTest::testExecuteShouldGenerateExpectedTransfer.INFO: PASSED [] []
[2015-05-08 12:10:48] Functional\SprykerEngine\Zed\Transfer\Business\Model\TransferGeneratorTest::testExecuteShouldGenerateExpectedTransfer.INFO: PASSED [] []
[2015-05-08 12:10:48] Functional\SprykerEngine\Zed\Transfer\Business\Model\TransferGeneratorTest::testExecuteShouldGenerateExpectedTransfer.INFO: PASSED [] []
[2015-05-08 12:10:48] Functional\SprykerEngine\Zed\Transfer\Business\Model\TransferGeneratorTest::testExecuteShouldGenerateExpectedTransfer.INFO: PASSED [] []
[2015-05-08 12:10:48] Functional\SprykerEngine\Zed\Transfer\Business\Model\TransferGeneratorTest::testExecuteShouldGenerateExpectedTransfer.INFO: PASSED [] []
[2015-05-08 12:10:48] Functional\SprykerEngine\Zed\Transfer\Business\Model\TransferGeneratorTest::testExecuteShouldGenerateExpectedTransfer.INFO: PASSED [] []
[2015-05-08 12:10:48] Functional\SprykerEngine\Zed\Transfer\Business\Model\TransferGeneratorTest::testExecuteShouldGenerateExpectedTransfer.INFO: PASSED [] []
[2015-05-08 12:10:48] Functional\SprykerEngine\Zed\Transfer\Business\Model\TransferGeneratorTest::testExecuteShouldGenerateExpectedTransfer.INFO: PASSED [] []
[2015-05-08 12:10:48] Functional\SprykerEngine\Zed\Transfer\Business\Model\TransferGeneratorTest::testExecuteShouldGenerateExpectedTransfer.INFO: PASSED [] []
[2015-05-08 12:10:48] Functional\SprykerEngine\Zed\Transfer\Business\Model\TransferGeneratorTest::testExecuteShouldGenerateExpectedTransfer.INFO: PASSED [] []
[2015-05-08 12:10:48] Functional\SprykerEngine\Zed\Transfer\Business\Model\TransferGeneratorTest::testExecuteShouldGenerateExpectedTransfer.INFO: PASSED [] []
[2015-05-08 12:10:48] Functional\SprykerEngine\Zed\Transfer\Business\Model\TransferGeneratorTest::testExecuteShouldGenerateExpectedTransfer.INFO: PASSED [] []
[2015-05-08 12:10:48] Functional\SprykerEngine\Zed\Transfer\Business\Model\TransferGeneratorTest::testExecuteShouldGenerateExpectedTransfer.INFO: PASSED [] []
[2015-05-08 12:10:48] Functional\SprykerEngine\Zed\Transfer\Business\Model\TransferGeneratorTest::testExecuteShouldGenerateExpectedTransfer.INFO: PASSED [] []
[2015-05-08 12:10:48] Functional\SprykerEngine\Zed\Transfer\Business\Model\TransferGeneratorTest::testExecuteShouldGenerateExpectedTransfer.INFO: PASSED [] []
[2015-05-08 12:10:48] Functional\SprykerEngine\Zed\Transfer\Business\Model\TransferGeneratorTest::testExecuteShouldGenerateExpectedTransfer.INFO: PASSED [] []
